<?xml version="1.0" encoding="UTF-8"?>
<!-- Generated by org.testng.reporters.JUnitReportReporter -->
<testsuite hostname="LAPTOP-OVBCR4D3" failures="0" tests="1" name="com.rmgyantra.parameters.QueryParameterTest" time="2.092" errors="0" timestamp="2022-03-23T17:19:59 IST" skipped="0">
  <testcase classname="com.rmgyantra.parameters.QueryParameterTest" name="queryParameter" time="2.092"/>
  <system-out/>
</testsuite> <!-- com.rmgyantra.parameters.QueryParameterTest -->
