<?xml version="1.0" encoding="UTF-8"?>
<!-- Generated by org.testng.reporters.JUnitReportReporter -->
<testsuite hostname="LAPTOP-OVBCR4D3" failures="0" tests="1" name="com.rmgyantra.CRUD_withoutBDD.PartialUpdate" time="2.294" errors="0" timestamp="2022-03-21T17:39:04 IST" skipped="0">
  <testcase classname="com.rmgyantra.CRUD_withoutBDD.PartialUpdate" name="partialUpdate" time="2.294"/>
  <system-out/>
</testsuite> <!-- com.rmgyantra.CRUD_withoutBDD.PartialUpdate -->
