<?xml version="1.0" encoding="UTF-8"?>
<!-- Generated by org.testng.reporters.JUnitReportReporter -->
<testsuite hostname="LAPTOP-OVBCR4D3" failures="0" tests="1" name="RequestChaining.RequestChainingTest" time="1.977" errors="0" timestamp="2022-03-25T03:36:23 IST" skipped="0">
  <testcase classname="RequestChaining.RequestChainingTest" name="requestChaining" time="1.977"/>
  <system-out/>
</testsuite> <!-- RequestChaining.RequestChainingTest -->
