<?xml version="1.0" encoding="UTF-8"?>
<!-- Generated by org.testng.reporters.JUnitReportReporter -->
<testsuite hostname="LAPTOP-OVBCR4D3" failures="0" tests="1" name="com.rmgyantra.CRUD_withBDD.PutComepleteUpdateTest" time="1.573" errors="0" timestamp="2022-03-24T13:12:34 IST" skipped="0">
  <testcase classname="com.rmgyantra.CRUD_withBDD.PutComepleteUpdateTest" name="putCompleteTest" time="1.573"/>
  <system-out/>
</testsuite> <!-- com.rmgyantra.CRUD_withBDD.PutComepleteUpdateTest -->
