<?xml version="1.0" encoding="UTF-8"?>
<!-- Generated by org.testng.reporters.JUnitReportReporter -->
<testsuite hostname="LAPTOP-OVBCR4D3" failures="0" tests="1" name="com.rmgyantra.CRUD_withoutBDD.GettingTheProject" time="1.358" errors="0" timestamp="2022-03-21T16:29:48 IST" skipped="0">
  <testcase classname="com.rmgyantra.CRUD_withoutBDD.GettingTheProject" name="gettingTheProject" time="1.358"/>
  <system-out/>
</testsuite> <!-- com.rmgyantra.CRUD_withoutBDD.GettingTheProject -->
