<?xml version="1.0" encoding="UTF-8"?>
<!-- Generated by org.testng.reporters.JUnitReportReporter -->
<testsuite hostname="LAPTOP-OVBCR4D3" failures="0" tests="1" name="com.EndtoEndScenario.EndToEndTest" time="2.081" errors="0" timestamp="2022-03-25T15:09:03 IST" skipped="0">
  <testcase classname="com.EndtoEndScenario.EndToEndTest" name="EndToEnd" time="2.081"/>
  <system-out/>
</testsuite> <!-- com.EndtoEndScenario.EndToEndTest -->
