<?xml version="1.0" encoding="UTF-8"?>
<!-- Generated by org.testng.reporters.JUnitReportReporter -->
<testsuite hostname="LAPTOP-OVBCR4D3" failures="0" tests="1" name="com.requestValidation.DynamicResponceValidation" time="1.698" errors="0" timestamp="2022-03-23T16:49:43 IST" skipped="0">
  <testcase classname="com.requestValidation.DynamicResponceValidation" name="dynamicTest" time="1.698"/>
  <system-out/>
</testsuite> <!-- com.requestValidation.DynamicResponceValidation -->
