<?xml version="1.0" encoding="UTF-8"?>
<!-- Generated by org.testng.reporters.JUnitReportReporter -->
<testsuite hostname="LAPTOP-OVBCR4D3" failures="0" tests="1" name="com.Authentication.BerearTokenTest" time="2.356" errors="0" timestamp="2022-03-24T15:39:57 IST" skipped="0">
  <testcase classname="com.Authentication.BerearTokenTest" name="berearToken" time="2.356"/>
  <system-out/>
</testsuite> <!-- com.Authentication.BerearTokenTest -->
