<?xml version="1.0" encoding="UTF-8"?>
<!-- Generated by org.testng.reporters.JUnitReportReporter -->
<testsuite hostname="LAPTOP-OVBCR4D3" failures="0" tests="1" name="com.rmgyantra.CRUD_withoutBDD.UpdatingTheProject" time="1.575" errors="0" timestamp="2022-03-21T17:35:04 IST" skipped="0">
  <testcase classname="com.rmgyantra.CRUD_withoutBDD.UpdatingTheProject" name="updatingTheProject" time="1.575"/>
  <system-out/>
</testsuite> <!-- com.rmgyantra.CRUD_withoutBDD.UpdatingTheProject -->
