<?xml version="1.0" encoding="UTF-8"?>
<!-- Generated by org.testng.reporters.JUnitReportReporter -->
<testsuite hostname="LAPTOP-OVBCR4D3" failures="0" tests="1" name="com.Authentication.PreemptiveBasicAuthTest" time="1.359" errors="0" timestamp="2022-03-24T16:40:30 IST" skipped="0">
  <testcase classname="com.Authentication.PreemptiveBasicAuthTest" name="preeemptive" time="1.359"/>
  <system-out/>
</testsuite> <!-- com.Authentication.PreemptiveBasicAuthTest -->
