<?xml version="1.0" encoding="UTF-8"?>
<!-- Generated by org.testng.reporters.JUnitReportReporter -->
<testsuite hostname="LAPTOP-OVBCR4D3" failures="0" tests="1" name="com.rmgyantra.parameters.PathParametersTest" time="1.295" errors="0" timestamp="2022-03-23T17:15:20 IST" skipped="0">
  <testcase classname="com.rmgyantra.parameters.PathParametersTest" name="pathParameterTest" time="1.295"/>
  <system-out/>
</testsuite> <!-- com.rmgyantra.parameters.PathParametersTest -->
