<?xml version="1.0" encoding="UTF-8"?>
<!-- Generated by org.testng.reporters.JUnitReportReporter -->
<testsuite hostname="LAPTOP-OVBCR4D3" failures="0" tests="1" name="com.rmgyantra.parameters.GitHubParametersTest" time="2.408" errors="0" timestamp="2022-03-23T17:38:49 IST" skipped="0">
  <testcase classname="com.rmgyantra.parameters.GitHubParametersTest" name="githubparameters" time="2.408"/>
  <system-out/>
</testsuite> <!-- com.rmgyantra.parameters.GitHubParametersTest -->
