<?xml version="1.0" encoding="UTF-8"?>
<!-- Generated by org.testng.reporters.JUnitReportReporter -->
<testsuite hostname="LAPTOP-OVBCR4D3" failures="0" tests="1" name="com.rmgyantra.CRUD_withoutBDD.DeleteingTheProject" time="1.360" errors="0" timestamp="2022-03-21T16:48:33 IST" skipped="0">
  <testcase classname="com.rmgyantra.CRUD_withoutBDD.DeleteingTheProject" name="deletingTheProject" time="1.360"/>
  <system-out/>
</testsuite> <!-- com.rmgyantra.CRUD_withoutBDD.DeleteingTheProject -->
