<?xml version="1.0" encoding="UTF-8"?>
<!-- Generated by org.testng.reporters.JUnitReportReporter -->
<testsuite hostname="LAPTOP-OVBCR4D3" failures="0" tests="1" name="com.Authentication.OAuth2Test" time="2.636" errors="0" timestamp="2022-04-01T10:44:38 IST" skipped="0">
  <testcase classname="com.Authentication.OAuth2Test" name="oauth" time="2.636"/>
  <system-out/>
</testsuite> <!-- com.Authentication.OAuth2Test -->
