<?xml version="1.0" encoding="UTF-8"?>
<!-- Generated by org.testng.reporters.JUnitReportReporter -->
<testsuite hostname="LAPTOP-OVBCR4D3" failures="0" tests="1" name="RequestChaining.RequestChainingwithPostandDeleteTest" time="1.507" errors="0" timestamp="2022-03-24T10:52:44 IST" skipped="0">
  <testcase classname="RequestChaining.RequestChainingwithPostandDeleteTest" name="requestChaining" time="1.507"/>
  <system-out/>
</testsuite> <!-- RequestChaining.RequestChainingwithPostandDeleteTest -->
