<?xml version="1.0" encoding="UTF-8"?>
<!-- Generated by org.testng.reporters.JUnitReportReporter -->
<testsuite hostname="LAPTOP-OVBCR4D3" failures="0" tests="1" name="com.Authentication.DigestiveBasicAuthTest" time="1.358" errors="0" timestamp="2022-03-24T16:38:21 IST" skipped="0">
  <testcase classname="com.Authentication.DigestiveBasicAuthTest" name="digest" time="1.358"/>
  <system-out/>
</testsuite> <!-- com.Authentication.DigestiveBasicAuthTest -->
