<?xml version="1.0" encoding="UTF-8"?>
<!-- Generated by org.testng.reporters.JUnitReportReporter -->
<testsuite hostname="LAPTOP-OVBCR4D3" failures="0" tests="1" name="com.requestValidation.StaticDataTest" time="1.693" errors="0" timestamp="2022-03-23T16:51:26 IST" skipped="0">
  <testcase classname="com.requestValidation.StaticDataTest" name="staticDataTest" time="1.693"/>
  <system-out/>
</testsuite> <!-- com.requestValidation.StaticDataTest -->
